2015 213  0   6.8   4.0  -4.8  -0.5  164351.   3.0  568.  1.85    -8  15
2015 213  1   7.0   5.5  -3.4   0.8  103873.   2.6  545.  1.47    -3  15
2015 213  2   7.0   6.5  -0.8   1.3   68287.   2.5  533.  1.42     0  15
2015 213  3   7.0   4.9  -4.0   0.4  102720.   2.7  551.  1.59    -2   6
2015 213  4   6.8   4.4  -3.7   1.6  115888.   2.8  559.  1.70    -2   6
2015 213  5   6.8   3.3  -4.8   2.5  123191.   2.9  566.  1.81     0   6
2015 213  6   6.9   5.0  -3.1   2.2   90351.   2.7  544.  1.55     0   5
2015 213  7   6.8   3.6  -3.2   2.8  112721.   2.8  560.  1.72    -1   5
2015 213  8   6.7   5.0  -1.0   2.4   98829.   2.9  543.  1.67    -4   5
2015 213  9   6.6   3.5  -3.3   2.3  115892.   2.9  557.  1.75    -7   7
2015 213 10   6.2   4.1  -2.0   2.8  140685.   3.3  553.  2.00    -6   7
2015 213 11   6.3   3.8  -1.3   3.1  135022.   3.2  556.  1.90     2   7
2015 213 12   6.4   3.2  -3.1   3.0  142814.   3.2  562.  1.95     9   6
2015 213 13   6.3   3.8  -1.7   2.9  123695.   3.2  553.  1.89    10   6
2015 213 14   5.9   4.2  -1.6   0.9  149780.   3.5  554.  2.11    11   6
2015 213 15   6.0   3.2  -2.3   0.3  143978.   3.4  563.  2.08     9  12
2015 213 16   6.1   1.3  -4.1  -0.7  149030.   3.2  577.  2.05     2  12
2015 213 17   6.0   3.2  -3.8   0.8  132929.   3.2  556.  1.90    -3  12
2015 213 18   6.0   5.3  -0.7  -1.4   83567.   2.9  531.  1.58    -4   9
2015 213 19   5.9   5.1  -1.8   0.1   72300.   2.8  530.  1.52     3   9
2015 213 20   5.9   4.0  -1.4   1.4  120024.   3.2  548.  1.87     4   9
2015 213 21   5.9   3.9  -2.4   3.1  178337.   2.8  572.  1.77     5   9
2015 213 22   5.8   3.6  -3.4   0.2  197871.   2.9  583.  1.89     6   9
2015 213 23   5.8   2.9  -3.4  -1.5  228659.   2.9  598.  2.00     5   9
2015 214  0   5.7   3.7  -2.5  -2.3  164340.   2.8  579.  1.84    -1  18
2015 214  1   6.6   3.9  -4.1  -2.8  165890.   2.3  587.  1.53    -4  18
2015 214  2   6.6   3.0  -5.0  -0.7  175706.   2.4  590.  1.61   -10  18
2015 214  3   6.5   2.9  -4.1   2.7  171375.   2.5  588.  1.62    -8   9
2015 214  4   6.2   3.0  -4.1   2.0  168022.   2.4  584.  1.55    -4   9
2015 214  5   6.0   4.5  -2.4   1.1  142430.   2.4  569.  1.48    -3   9
2015 214  6   5.8   4.2  -2.9   0.1  151203.   2.4  566.  1.47    -6   9
2015 214  7   5.9   4.3  -3.6  -0.5  144252.   2.4  567.  1.45    -7   9
2015 214  8   4.8   3.3  -2.6   1.7  215475.   2.8  592.  1.88   -10   9
2015 214  9   4.3   1.0  -0.8   2.3  248319.   2.5  613.  1.88   -10   5
2015 214 10   4.9   1.9  -3.1   2.1  205842.   2.4  596.  1.71    -3   5
2015 214 11   4.3   2.0  -0.2  -2.1  197555.   2.4  600.  1.77     1   5
2015 214 12   4.5   0.1  -3.0  -1.5  205041.   2.4  607.  1.80     2  15
2015 214 13   4.7   0.0  -3.4  -1.5  192522.   2.2  604.  1.60    -3  15
2015 214 14   4.2   2.4  -2.6   0.4  165704.   2.3  577.  1.51    -6  15
2015 214 15   4.4   2.3  -2.4  -1.3  174012.   2.4  571.  1.58    -8  12
2015 214 16   4.6   3.8  -2.1   0.0  184376.   2.7  552.  1.64    -4  12
2015 214 17   4.2   2.3  -2.1   1.8  168060.   2.4  562.  1.48     1  12
2015 214 18   4.3   3.1  -1.4   1.9  121099.   2.4  552.  1.42     8   5
2015 214 19   4.1   2.4  -2.2   0.6  126566.   2.3  555.  1.39     9   5
2015 214 20   4.1   2.6  -2.2   0.1  122404.   2.3  549.  1.37     5   5
2015 214 21   4.5   1.8  -2.8  -1.0  132277.   2.3  558.  1.44     4   7
2015 214 22   4.4   2.6  -2.5   0.9  116978.   2.2  539.  1.27    -1   7
2015 214 23   4.5   3.1  -1.6   0.4  102610.   2.1  533.  1.16     0   7
