2016  60  0   3.1  -2.7   0.5  -1.1   53248.   5.6  347.  1.34    -3   7
2016  60  1   3.1  -1.9   1.6   1.0   50421.   5.4  350.  1.31    -1   7
2016  60  2   3.0  -0.7   1.8   1.0   52077.   5.4  358.  1.37     0   7
2016  60  3   3.8   3.3   0.7   1.8   25354.   4.6  367.  1.21     1   0
2016  60  4   3.8   3.3   1.2   1.5   23370.   4.9  364.  1.27     4   0
2016  60  5   3.5   2.9   1.0   1.7   27425.   5.1  360.  1.29     5   0
2016  60  6   3.2   1.8   0.1   2.2   33636.   5.3  354.  1.31     5   3
2016  60  7   4.1   1.8   2.4   2.2   34407.   5.7  351.  1.37     7   3
2016  60  8   4.3   2.6   2.7  -2.0   36328.   5.5  351.  1.34     5   3
2016  60  9   3.5   1.6   1.9  -2.3   36075.   5.9  347.  1.41     2   4
2016  60 10   3.3   2.1   1.3   0.8   37016.   6.1  346.  1.42     2   4
2016  60 11   3.7   2.3   2.2  -0.3   37207.   6.3  345.  1.51     4   4
2016  60 12   3.2   1.9   1.5  -1.9   37759.   6.8  344.  1.60     4   4
2016  60 13   4.0  -1.0   2.7   1.7   34337.   6.7  328.  1.34     7   4
2016  60 14   4.3  -2.0   2.8   2.4   31504.   8.3  327.  1.64    12   4
2016  60 15   4.4   1.1   2.9   3.0   24264.   9.2  338.  1.93    15   2
2016  60 16   4.9  -0.5   3.2   3.5   23821.   9.7  333.  1.96    16   2
2016  60 17   5.1  -1.4   3.1   2.6   26664.  11.8  327.  2.27    18   2
2016  60 18   5.6  -2.5   1.3   4.7   25849.  14.5  325.  2.76    21   2
2016  60 19   6.5  -3.9   3.5   3.7   29750.  18.4  325.  3.51    25   2
2016  60 20   6.7   1.8   6.3  -0.2   22110.  24.9  327.  4.78    28   2
2016  60 21   6.2   1.3   3.4  -4.6   20917.  25.0  323.  4.81    24   7
2016  60 22   4.9   0.9   1.8  -4.3   16450.  25.3  322.  4.87    15   7
2016  60 23   4.7   0.1   2.2  -2.5   23140.  23.3  317.  4.33     5   7
2016  61  0   5.6  -3.1   3.8   0.9   23468.  22.4  313.  4.03     1  15
2016  61  1   6.6  -5.1   0.8   3.1   24236.  23.9  306.  4.11     7  15
2016  61  2   6.7  -3.1   1.0   5.5   22752.  24.3  311.  4.30    10  15
2016  61  3   7.2  -5.4   3.5   2.4   34167.  24.4  319.  4.54    12   7
2016  61  4   8.6  -5.7   4.5   2.3   73978.  16.3  341.  3.76     7   7
2016  61  5  10.4  -7.4   6.0   1.4  113641.   9.9  363.  2.78     2   7
2016  61  6  12.3  -7.9   8.8   2.0   99023.   7.7  381.  2.23    -1   6
2016  61  7  11.9  -7.1   8.9   2.9  108427.   8.0  380.  2.39     2   6
2016  61  8   9.3  -0.1   1.7   7.1  112581.  11.1  394.  3.52    12   6
2016  61  9  10.7  -5.1   9.1   0.9   97407.  10.1  381.  3.08    16   6
2016  61 10  10.4  -5.1   8.7  -0.3   86146.   9.9  372.  2.83    12   6
2016  61 11   8.9  -1.4   4.2   4.7  125596.  13.2  375.  3.87    12   6
2016  61 12   9.1  -3.4   1.2   2.1  109341.  10.2  370.  3.00     9   7
2016  61 13   7.9  -4.8   5.5   1.9   93010.  11.5  352.  2.95    10   7
2016  61 14   7.9  -3.9   2.6   0.9   88528.  13.2  353.  3.37    11   7
2016  61 15   7.7   3.7  -5.8   0.1   78733.  15.1  385.  4.37    12   6
2016  61 16   8.8   3.9  -1.4   2.5   92764.  12.6  400.  4.08     8   6
2016  61 17   9.2  -1.8   7.0   2.0   93712.  10.6  394.  3.44     8   6
2016  61 18  10.7  -3.7   9.2   3.8   66738.   9.7  390.  2.90     9   4
2016  61 19  10.9  -4.4   8.5   4.7   49261.   9.7  388.  2.81    11   4
2016  61 20  10.6  -4.6   8.2   3.9   74586.  10.4  383.  3.07    10   4
2016  61 21  10.1  -6.1   7.1   3.0   79615.  10.7  377.  3.21     8  12
2016  61 22   9.1  -5.9   3.1  -4.4  111897.  10.9  379.  3.24     6  12
2016  61 23  10.5  -7.2   6.6  -0.4   98261.   9.2  378.  2.70    -5  12
