2015 216  0   4.8   0.1  -4.2   0.7   50638.   3.4  466.  1.46     7   6
2015 216  1   4.9   0.1  -4.8   0.2   49731.   3.2  464.  1.35     4   6
2015 216  2   4.7   1.4  -4.0   0.1   60547.   3.7  452.  1.53     5   6
2015 216  3   4.3   1.7  -3.2   0.2   66414.   3.8  452.  1.58     5   7
2015 216  4   4.3   2.4  -1.1   1.1   77042.   3.8  444.  1.54     6   7
2015 216  5   4.4   3.5   1.1  -0.5   89768.   4.1  431.  1.61     6   7
2015 216  6   4.3   1.7  -3.6   0.6   89662.   3.2  455.  1.32     4   5
2015 216  7   4.4   4.3  -0.1   0.1   69054.   3.3  436.  1.24     0   5
2015 216  8   3.9   3.2  -0.4   1.1   83828.   3.8  432.  1.47     2   5
2015 216  9   4.5   3.5  -1.8   0.4   74014.   3.9  428.  1.49     3   4
2015 216 10   4.7   2.0  -1.8   0.3   57683.   3.9  437.  1.55     8   4
2015 216 11   4.6   0.8  -1.8   1.2   63349.   3.9  451.  1.61    12   4
2015 216 12   4.9   1.9  -4.1   0.1   63245.   4.1  442.  1.62    15   5
2015 216 13   5.2   0.7  -3.4   1.4   49777.   4.1  446.  1.66    15   5
2015 216 14   5.4   2.8  -3.5  -0.9   53899.   4.2  427.  1.56    12   5
2015 216 15   5.0   2.8  -3.2   0.1   61560.   4.3  426.  1.65     7   4
2015 216 16   5.1   1.9  -4.3   0.3   60528.   4.2  430.  1.62     6   4
2015 216 17   5.2  -1.3  -4.3   0.8   57220.   4.0  455.  1.69     8   4
2015 216 18   5.0   1.8  -3.7  -1.2   60283.   4.4  433.  1.71    10   5
2015 216 19   4.8   1.9  -3.7  -0.3   74462.   4.5  433.  1.76    11   5
2015 216 20   5.2   3.0   0.5  -3.6   68611.   4.2  424.  1.55     8   5
2015 216 21   5.2   2.3  -3.2  -2.6   72662.   4.2  423.  1.55     5  12
2015 216 22   5.4   1.4  -4.5  -1.8   57191.   3.9  425.  1.43     4  12
2015 216 23   5.3   0.5  -5.1  -0.7   47401.   3.8  430.  1.41     7  12
2015 217  0   5.3   1.7  -4.6  -1.3   49140.   3.7  415.  1.29     7   5
2015 217  1   4.9   1.0  -4.2   0.2   53171.   4.3  426.  1.59     7   5
2015 217  2   4.9   0.0  -4.4  -0.0   47949.   4.4  428.  1.64     6   5
2015 217  3   4.7   0.8  -4.4   0.4   47116.   4.5  423.  1.64     4   3
2015 217  4   4.9   1.3  -2.8   0.1   48351.   4.4  418.  1.53     4   3
2015 217  5   5.0   2.9  -3.3   1.1   44062.   4.1  402.  1.31     2   3
2015 217  6   5.0   4.1  -1.0   1.9   59481.   5.2  393.  1.61     4   2
2015 217  7   4.9   3.9  -0.4   2.2   53497.   4.7  391.  1.43     4   2
2015 217  8   4.9   3.7   2.4   1.2   50696.   4.5  392.  1.36     3   2
2015 217  9   4.4   4.0   1.1   1.0   66480.   4.9  385.  1.43     3   3
2015 217 10   4.7   4.0   2.3   0.4   56609.   5.0  387.  1.48     7   3
2015 217 11   4.8   4.4   0.5   0.1   71969.   5.6  385.  1.66    12   3
2015 217 12   4.5   3.3   1.5   0.7   67683.   5.2  390.  1.59    14   5
2015 217 13   4.7   1.3  -3.3   2.6   46202.   4.5  399.  1.43    16   5
2015 217 14   4.9  -0.8  -4.1   1.6   36310.   4.7  412.  1.58    16   5
2015 217 15   4.9  -0.4  -3.5   2.3   37346.   4.8  411.  1.61    13   5
2015 217 16   4.6   2.8  -2.1   0.4   61501.   5.5  386.  1.68    13   5
2015 217 17   4.7   2.6  -2.0   0.1   58022.   5.5  385.  1.67    15   5
2015 217 18   4.6   3.1  -1.8   0.2   51838.   5.6  378.  1.64    15   5
2015 217 19   5.1   4.0  -0.8   1.6   39792.   5.4  370.  1.48    11   5
2015 217 20   5.2   4.0   0.5  -2.2   37190.   5.1  367.  1.37    10   5
2015 217 21   5.4   4.7   1.6  -0.7   39038.   5.3  361.  1.39     7   9
2015 217 22   5.3   1.7   2.0  -3.6   37079.   5.3  383.  1.54     6   9
2015 217 23   5.5   3.5   0.6  -3.0   40788.   5.4  370.  1.47     7   9
