2016  62  0  11.1  -7.0   7.1   4.9   92975.   8.6  376.  2.48    -6   9
2016  62  1  10.6  -4.0   4.8   8.0   89811.   8.4  387.  2.54     0   9
2016  62  2  10.4  -5.0   6.2   6.2   96405.   8.8  380.  2.53     5   9
2016  62  3   9.8  -4.1   5.2   6.5   92068.   8.7  379.  2.48     5   4
2016  62  4   9.8  -6.1   5.9   4.6   98158.   7.5  377.  2.14     0   4
2016  62  5   9.3  -4.8   6.7   2.5  105641.   8.2  391.  2.61     1   4
2016  62  6   8.9  -6.8   3.5   2.1  113048.   8.0  381.  2.51     2   3
2016  62  7   8.8  -4.8   1.4   4.3  104796.   8.3  396.  2.62     4   3
2016  62  8   9.8  -3.8   7.2   4.0   90525.   7.0  400.  2.21     8   3
2016  62  9   9.6  -5.0   6.6   3.2   96998.   6.8  402.  2.22    11   7
2016  62 10   8.5  -3.4   6.7  -0.2  131268.   7.1  425.  2.68    12   7
2016  62 11   8.6  -3.3   6.4   3.2  133420.   6.9  428.  2.61     8   7
2016  62 12   8.2  -3.5   5.2   3.7  139082.   6.8  436.  2.68     9   9
2016  62 13   7.5  -3.7   5.0   2.1  127690.   6.2  441.  2.50     7   9
2016  62 14   7.0  -6.0   0.0  -0.1  124396.   6.5  435.  2.52     2   9
2016  62 15   7.4  -6.4   1.3  -1.6   77064.   5.8  433.  2.18    -1  12
2016  62 16   7.5  -3.4   3.5  -0.1   85223.   5.6  462.  2.42     2  12
2016  62 17   7.5  -2.7   3.2   5.4   63617.   5.7  465.  2.53     5  12
2016  62 18   7.5  -1.6   1.1   5.4   59098.   5.2  481.  2.47     5   4
2016  62 19   7.4  -4.4   2.5   3.4   59691.   5.7  451.  2.37     6   4
2016  62 20   7.3  -3.0   4.5   4.1   56895.   4.7  456.  1.93     6   4
2016  62 21   6.8  -4.7   2.8   3.1   59220.   4.6  440.  1.77     6   2
2016  62 22   6.8  -4.8   3.8   2.0   53063.   4.4  440.  1.68     3   2
2016  62 23   6.3  -3.6   3.8   1.9   65941.   5.1  449.  2.08     4   2
2016  63  0   6.1  -3.7   4.2  -0.1   62561.   4.4  451.  1.80     4   6
2016  63  1   6.1  -4.7   2.9   1.5   60671.   4.7  441.  1.84     4   6
2016  63  2   6.1  -4.2   3.7   0.2   61100.   4.7  444.  1.86     5   6
2016  63  3   6.0  -3.5   3.4  -1.2   65545.   4.8  451.  1.98     3   9
2016  63  4   5.9  -4.0   1.3   0.3   72188.   5.0  446.  2.04     3   9
2016  63  5   5.8  -2.6   4.1  -0.0   64820.   4.4  452.  1.81     0   9
2016  63  6   5.7  -2.7   4.2  -0.2   65227.   4.6  451.  1.85     0   7
2016  63  7   5.6  -4.0   1.5  -3.0   73158.   5.0  439.  1.89     0   7
2016  63  8   5.4  -4.2   0.4  -3.1   73406.   5.2  437.  1.95    -1   7
2016  63  9   5.4  -4.3   0.4  -2.9   64574.   5.3  438.  1.96    -1   9
2016  63 10   5.3  -4.1   1.5   2.0   63808.   4.7  429.  1.72    -4   9
2016  63 11   4.6  -1.9   0.1   2.5   60781.   4.4  446.  1.71     0   9
2016  63 12   4.7  -2.0   3.2   0.0   64841.   4.3  443.  1.69     1   7
2016  63 13   4.7  -4.2   0.9  -1.6   69718.   4.6  422.  1.69    -2   7
2016  63 14   4.8  -3.8   2.2  -0.4   62514.   4.7  421.  1.69    -4   7
2016  63 15   4.8  -1.7   3.1   2.8   58469.   4.1  436.  1.53    -1   4
2016  63 16   5.0  -0.6   2.7   3.3   50561.   3.7  440.  1.40    -1   4
2016  63 17   4.8   0.2   1.9   4.2   48883.   3.8  442.  1.45     2   4
2016  63 18   5.0  -1.9   3.3   0.7   68031.   3.9  428.  1.36     2   2
2016  63 19   4.0  -2.3   2.3   0.1   96058.   3.8  427.  1.37     3   2
2016  63 20   4.1  -2.8   1.5   1.1   97011.   3.8  424.  1.37     1   2
2016  63 21   4.5  -2.8   1.8   1.5   84066.   3.8  426.  1.36    -1   5
2016  63 22   4.7  -3.0   2.3  -1.8   54700.   3.3  422.  1.15     1   5
2016  63 23   4.8  -3.4   2.2  -2.3   47856.   3.2  413.  1.06     1   5
