2015 298  0   7.5  -3.2  -6.0  -0.5  163012.  16.0  487.  7.59    18   7
2015 298  1   8.5  -3.8  -6.9   0.8  168588.  15.8  479.  7.25    12   7
2015 298  2   7.2   3.8  -2.9   1.3  246885.  15.4  460.  6.52    10   7
2015 298  3   6.6   4.0  -2.2   2.4  266554.  14.5  459.  6.11    10   6
2015 298  4   7.2  -2.6  -5.5   2.2  174330.  13.2  468.  5.78    11   6
2015 298  5   7.0  -0.2  -5.5   2.6  182254.  12.0  460.  5.08    10   6
2015 298  6   6.1   3.2  -2.0  -0.0  203218.  13.1  444.  5.16     9   9
2015 298  7   6.6   2.7  -4.7  -0.7  190413.  12.5  441.  4.86     6   9
2015 298  8   6.2  -2.1  -4.7   1.7  173684.  12.5  453.  5.13     2   9
2015 298  9   6.2  -1.1  -1.5   4.8  175275.  12.4  451.  5.04     4   5
2015 298 10   7.4  -3.3  -3.5   4.0  154592.  11.1  451.  4.52     5   5
2015 298 11   8.5  -5.7  -4.5   4.0  109105.   9.5  464.  4.09     6   5
2015 298 12   8.5  -4.1  -4.6   4.5  110435.   9.2  460.  3.89     7  12
2015 298 13  10.1  -1.0   2.1   8.9  121700.   6.3  439.  2.43     4  12
2015 298 14  11.3  -1.1   2.9  10.8  107363.   2.7  438.  1.04     0  12
2015 298 15  10.7  -5.0  -3.8   8.3   27366.   7.3  462.  2.76     4   6
2015 298 16   9.9  -8.2  -3.4   4.1   25198.   6.8  480.  3.13     8   6
2015 298 17   9.3  -6.4  -4.4   5.0   33224.   7.0  479.  3.21     7   6
2015 298 18   9.2  -6.2  -3.8   5.5   24301.   7.2  478.  3.29     7   3
2015 298 19   8.7  -6.3  -3.7   4.6   29410.   8.0  477.  3.64     7   3
2015 298 20   8.7  -6.6  -3.7   4.2   24036.   8.1  474.  3.64     7   3
2015 298 21   8.8  -7.2  -2.4   4.4   33127.   5.1  472.  2.27     5   3
2015 298 22   8.6  -6.7  -2.5   4.7   45999.   1.8  485.  0.85     1   3
2015 298 23   8.2  -6.9  -1.6   4.0   58126.   1.8  489.  0.86     0   3
2015 299  0   8.2  -7.4   0.2   3.3   35599.   2.9  472.  1.29    -1   2
2015 299  1   7.8  -6.8   2.0   2.8   24510.   4.9  453.  2.01     3   2
2015 299  2   7.2  -6.3   1.3   2.6   22608.   4.0  449.  1.61     3   2
2015 299  3   7.0  -6.0  -0.4   3.5   13392.   4.4  432.  1.64     4   0
2015 299  4   7.3  -5.9  -0.4   4.2   14197.   3.8  434.  1.43     5   0
2015 299  5   7.0  -5.4  -1.6   4.0   15834.   3.8  431.  1.41     4   0
2015 299  6   6.9  -4.6  -1.9   4.6   14550.   3.5  424.  1.26     3   3
2015 299  7   6.8  -3.9  -2.1   5.1   17189.   3.2  412.  1.09     6   3
2015 299  8   6.7  -4.9  -1.1   4.2   24839.   2.9  417.  1.01     7   3
2015 299  9   6.2  -5.6  -0.8   2.4   43910.   2.7  426.  0.98     5   2
2015 299 10   6.2  -5.6  -0.8   2.6  107878.   2.1  444.  0.83     4   2
2015 299 11   6.3  -5.9  -1.1   1.8  116284.   1.5  460.  0.63     3   2
2015 299 12   6.2  -5.6  -0.2   2.3  110899.   1.4  458.  0.59     1   2
2015 299 13   5.8  -5.1  -2.4   1.0   30623.   2.2  430.  0.81    -1   2
2015 299 14   5.7  -5.3  -1.4   1.1   19285.   2.7  415.  0.93    -2   2
2015 299 15   5.7  -5.7  -0.2   0.6   23273.   3.0  411.  1.01    -2   0
2015 299 16   5.9  -5.8   0.2   0.2   54526.   2.8  412.  0.95    -4   0
2015 299 17   5.8  -5.6   1.2  -0.2   60624.   2.8  411.  0.95    -6   0
2015 299 18   5.6  -5.4   1.5  -0.6   17631.   2.2  401.  0.71    -7   2
2015 299 19   5.5  -5.2   1.4  -0.9   19874.   2.1  399.  0.67    -5   2
2015 299 20   5.3  -5.2   0.5  -0.9   19355.   1.9  399.  0.60    -4   2
2015 299 21   5.4  -5.4  -0.1  -0.3   17348.   2.3  388.  0.69    -2   0
2015 299 22   5.4  -5.3   0.9  -0.1   20224.   2.1  389.  0.64    -1   0
2015 299 23   5.8  -5.2   2.2  -0.9   24572.   1.7  400.  0.54     0   0
2015 300  0   5.5  -5.1   1.6  -0.9   17015.   2.2  386.  0.66     0   0
2015 300  1   5.6  -5.4   0.4  -1.5   17676.   2.1  386.  0.63    -3   0
2015 300  2   5.7  -5.4   0.4  -1.7   14982.   2.2  377.  0.63    -4   0
2015 300  3   5.7  -5.5   0.3  -1.4   14829.   2.1  373.  0.58    -3   2
2015 300  4   5.6  -5.5  -0.2  -0.8   14582.   2.1  370.  0.57    -3   2
2015 300  5   5.4  -4.5   1.5  -2.4   39569.   3.8  388.  1.14    -2   2
2015 300  6   5.4  -3.9   1.4  -3.4   29015.   3.8  388.  1.14    -3   2
2015 300  7   5.3  -4.8   1.3  -1.8   17566.   2.1  367.  0.57    -3   2
2015 300  8   5.2  -4.7   1.3  -1.7   17473.   2.0  363.  0.53    -2   2
2015 300  9   5.2  -4.5   2.0  -1.5   17321.   1.9  360.  0.49    -1   3
2015 300 10   5.1  -4.1   2.5  -1.4   21675.   2.2  363.  0.58    -1   3
2015 300 11   5.1  -3.3   3.4  -1.5   26249.   2.4  367.  0.65    -2   3
2015 300 12   5.0  -4.1   2.0  -1.9   18584.   2.0  353.  0.50    -3   5
2015 300 13   4.8  -3.9   1.9  -2.0   29140.   2.6  363.  0.69    -2   5
2015 300 14   4.7  -3.9   1.8  -1.7   29153.   2.5  361.  0.65    -1   5
2015 300 15   4.3  -3.6   2.1  -0.5   53691.   3.3  375.  0.93    -1   2
2015 300 16   4.4  -3.7   2.2  -0.8   51987.   3.2  378.  0.91     1   2
2015 300 17   3.9  -3.6   1.3  -1.0   26257.   3.2  376.  0.90     2   2
2015 300 18   4.0  -3.5   1.4  -1.4   35082.   3.3  373.  0.92     1   4
2015 300 19   4.0  -3.5   1.1  -1.5   37018.   3.3  371.  0.91    -1   4
2015 300 20   4.7  -4.3   1.2  -0.3   48481.   3.0  354.  0.75    -2   4
2015 300 21   4.9  -3.9   1.6  -2.2   36112.   2.7  349.  0.66    -2   7
2015 300 22   4.6  -3.6   1.8  -1.1   44102.   3.2  349.  0.78    -1   7
2015 300 23   4.2  -2.9   2.7   0.5   44138.   3.5  351.  0.86     0   7
