2015 126  0   5.3  -5.1   0.8  -0.4   59022.   5.6  357.  1.39    -3  18
2015 126  1   7.6  -3.5   4.2   3.1   43414.   6.5  384.  1.83     2  18
2015 126  2  13.6  -3.2   9.5   2.9   98461.  12.9  456.  5.21    18  18
2015 126  3  11.8  -1.5   8.8   5.3  153677.  14.4  457.  6.25    15  15
2015 126  4  13.8  -0.6  12.6   0.9   77762.  14.8  464.  6.15    17  15
2015 126  5  12.3  -1.9   8.7   0.7  130497.  16.9  463.  6.85    11  15
2015 126  6  16.5   5.5 -11.7   0.4  103950.  10.9  479.  4.63     3  18
2015 126  7  17.5   7.0 -15.5   1.0  100727.   9.8  478.  4.08     0  18
2015 126  8  16.2   6.5 -14.2  -2.4   98637.  14.3  476.  5.84     0  18
2015 126  9  13.1   2.0 -12.1  -3.2   90785.  20.2  467.  8.12    -7  22
2015 126 10  12.0   2.7 -11.3  -2.2   99800.  21.5  460.  8.39   -17  22
2015 126 11  14.7   5.4 -13.0  -3.1   97375.  12.8  461.  4.85   -18  22
2015 126 12  13.8   2.9 -12.5  -2.9   84915.  13.6  441.  4.82   -15  56
2015 126 13  13.8   1.5   4.7 -11.2   47396.  13.0  442.  4.87   -13  56
2015 126 14  12.8   1.8  11.1  -4.7   54401.  29.9  442. 12.06   -12  56
2015 126 15  13.7   3.4  11.6  -5.9   42518.  33.1  438. 12.94   -16  27
2015 126 16  14.1   3.6  13.0  -2.6   35444.  33.6  444. 13.32   -15  27
2015 126 17  15.5   1.5  14.5   1.7   26959.  19.0  450.  7.66   -26  27
2015 126 18  16.0  -2.4  13.3   8.5   22489.  11.7  436.  4.40   -28  18
2015 126 19  15.7  -2.8  11.1  10.6   19403.  12.8  430.  4.73   -23  18
2015 126 20  15.5  -3.5  10.7  10.6   21383.  10.3  429.  3.86   -19  18
2015 126 21  15.0  -3.1   9.1  11.5   20063.   9.3  430.  3.50   -17   6
2015 126 22  14.0  -3.6   7.8  11.0   14152.  11.3  429.  4.10   -13   6
2015 126 23  13.2  -2.8   6.1  11.2   14805.  13.8  435.  5.44    -4   6
2015 127  0  12.3  -3.5   4.6  10.8   14085.  17.4  428.  6.41     5   7
2015 127  1  12.2  -3.8   4.5  10.7   16647.  17.8  427.  6.72    10   7
2015 127  2  12.8  -5.4   4.8  10.4   19763.  15.6  429.  5.60     8   7
2015 127  3  13.3  -5.9   3.8  11.2   22131.  11.1  423.  3.77     3   6
2015 127  4  13.4  -6.5   1.4  11.6   22342.   7.8  414.  2.54    -1   6
2015 127  5  13.2  -6.5   0.5  11.4   41372.   6.2  420.  2.09    -7   6
2015 127  6  13.2  -6.3  -0.9  11.4   25082.   5.7  411.  1.85    -7   3
2015 127  7  13.2  -5.9  -0.2  11.8   34263.   3.1  419.  1.28   -10   3
2015 127  8  12.8  -5.8  -0.3  11.2   27870.   2.9  413.  1.20    -9   3
2015 127  9  12.3  -6.2  -0.1  10.6   27659.   4.1  406.  1.50    -9   3
2015 127 10  11.9  -5.8   0.1  10.2   28442.   4.0  405.  1.49    -9   3
2015 127 11  11.5  -5.4  -0.4   9.8   32512.   5.0  406.  1.87    -9   3
2015 127 12  10.7  -5.8  -1.9   8.6   30179.   4.3  400.  1.50    -9   6
2015 127 13   9.4  -5.3   1.6   7.1   50228.   5.4  413.  1.99    -5   6
2015 127 14   9.2  -4.7  -2.1   7.4   46868.   5.6  405.  1.84    -4   6
2015 127 15   9.0  -4.5  -4.3   6.5   36734.   4.5  400.  1.45    -7   9
2015 127 16   7.1  -4.9  -0.8   3.8   67787.   8.5  414.  2.74    -5   9
2015 127 17   5.2  -5.0  -0.3   0.5   44105.  12.3  420.  3.96    -9   9
2015 127 18   4.6  -4.6   0.4  -0.2   38293.  13.2  415.  4.13   -13   6
2015 127 19   4.3  -4.2   0.0   0.7   31778.   9.4  417.  2.94    -7   6
2015 127 20   3.6  -2.9   0.2   2.0   30559.  10.5  413.  3.27    -2   6
2015 127 21   2.8  -1.9   0.0   2.0   21844.  11.9  414.  3.90     5   6
2015 127 22   4.3   1.6  -0.9  -1.1   22401.   8.5  403.  2.69     2   6
2015 127 23   5.9   4.2  -2.7  -2.7   20088.   5.8  395.  1.76    -5   6
